<html xmlns:math="http://exslt.org/math" xmlns:testng="http://testng.org">
   <head>
      <title>TestNG Results</title>
      <meta http-equiv="content-type" content="text/html; charset=utf-8"></meta>
      <meta http-equiv="pragma" content="no-cache"></meta>
      <meta http-equiv="cache-control" content="max-age=0"></meta>
      <meta http-equiv="cache-control" content="no-cache"></meta>
      <meta http-equiv="cache-control" content="no-store"></meta>
      <LINK rel="stylesheet" href="style.css"></LINK>
      <script type="text/javascript" src="main.js"></script>
   </head>
   <body>
      <table width="100%" style="font-size: 16px; margin-bottom: 10px;" cellspacing="1">
         <tr>
            <td width="100%">
               Test case
               
               <b>End to End Testing</b>
            </td>
            <td style="background-color: #FFBBBB; padding: 3px 3px 3px 0;" align="center">
               <div style="width: 50px;">1</div>
            </td>
            <td style="background-color: lightgreen; padding: 3px 3px 3px 0;" align="center">
               <div style="width: 50px;">4</div>
            </td>
            <td style="background-color: #FFFFBB; padding: 3px 3px 3px 0;" align="center">
               <div style="width: 50px;">0</div>
            </td>
            <td align="center" style="background-color: #eaf0f7; padding: 3px 3px 3px 0;">
               <div style="width: 50px;">5</div>
            </td>
            <td align="center"
                style="font-weight: bold; background-color: #eaf0f7; padding: 3px 3px 3px 0;">
               <div style="width: 50px;">80%</div>
            </td>
            <td style="background-color: #eaf0f7; padding: 3px 3px 3px 0;" align="center"
                nowrap="true">27s
               
            </td>
         </tr>
      </table>
      <div style="width: 200px;">
         <label for="groupMethodsCheckBox" style="font-weight: bold; margin: 0;">
            <input id="groupMethodsCheckBox" type="checkbox" onclick="switchTestMethodsView(this)"></input>
            Group by class
            
         </label>
         <br></br>
         <label for="methodsFilter_ALL" style="font-weight: bold; margin: 0;">
            <input id="methodsFilter_ALL" type="checkbox"
                   onclick="testMethodsFilterChanged(this, 'ALL')"></input>
            All
            
         </label>
      </div>
      <label for="methodsFilter_FAIL" style="margin-left: 20px;">
         <input id="methodsFilter_FAIL" type="checkbox"
                onclick="testMethodsFilterChanged(this, 'FAIL')"
                checked=""></input>
         Failed
         
      </label>
      <label for="methodsFilter_PASS">
         <input id="methodsFilter_PASS" type="checkbox"
                onclick="testMethodsFilterChanged(this, 'PASS')"
                checked=""></input>
         Passed
         
      </label>
      <label for="methodsFilter_SKIP">
         <input id="methodsFilter_SKIP" type="checkbox"
                onclick="testMethodsFilterChanged(this, 'SKIP')"
                checked=""></input>
         Skipped
         
      </label>
      <label for="methodsFilter_CONF">
         <input id="methodsFilter_CONF" type="checkbox"
                onclick="testMethodsFilterChanged(this, 'CONF')"></input>
         Config
         
      </label>
      <br></br>
      <div id="testMethodsByStatus">
         <table class="testMethodsTable" cellpadding="0" cellspacing="0">
            <tr class="methodsTableHeader">
               <td width="100%">Name</td>
               <td nowrap="true">Started</td>
               <td nowrap="true">Duration</td>
               <td>Exception</td>
            </tr>
            <tr id="day25.testsuite.FlightConfirmation_confirmTest_byStatus_failed_FAIL1_row"
                class="testMethodStatusFAIL">
               <td width="100%" class="firstMethodCell">
                  <a onclick="toggleDetailsVisibility('day25.testsuite.FlightConfirmation_confirmTest_byStatus_failed_FAIL1_details')">confirmTest()</a>
               </td>
               <td nowrap="true">03:19:10</td>
               <td nowrap="true" align="right">71 ms
                  
               </td>
               <td nowrap="true">
                  <a onclick="toggleDetailsVisibility('day25.testsuite.FlightConfirmation_confirmTest_byStatus_failed_FAIL1_exception')">org.openqa.selenium.NoSuchElementException: 
                     Unable to locate element: {"method":"xpath","selector":"/body/div[1]/table/tbody/tr/td[2]/table/tbody/tr[4]/td/table/tbody/tr[1]/td[2]/table/tbody/tr[3]/td/p/font/b/font[2]"}
                     Command duration or timeout: 56 milliseconds
                     For documentation on this error, please visit: http://seleniumhq.org/exceptions/no_such_element.html
                     Build info: version: '2.48.2', revision: '41bccdd', time: '2015-10-09 19:59:12'
                     System info: host: 'sys', ip: '192.168.1.17', os.name: 'Windows 7', os.arch: 'amd64', os.version: '6.1', java.version: '1.7.0_55'
                     *** Element info: {Using=xpath, value=/body/div[1]/table/tbody/tr/td[2]/table/tbody/tr[4]/td/table/tbody/tr[1]/td[2]/table/tbody/tr[3]/td/p/font/b/font[2]}
                     Session ID: d4784c36-6c99-4a1e-80a8-202f428582f9
                     Driver info: org.openqa.selenium.firefox.FirefoxDriver
                     Capabilities [{platform=WINDOWS, acceptSslCerts=true, javascriptEnabled=true, cssSelectorsEnabled=true, databaseEnabled=true,
                     browserName=firefox, handlesAlerts=true, nativeEvents=false, webStorageEnabled=true, rotatable=false, locationContextEnabled=true,
                     applicationCacheEnabled=true, takesScreenshot=true, version=44.0.2}]
                     
                  </a>
                   
                  
               </td>
            </tr>
            <tr>
               <td colspan="4" class="detailsBox">
                  <div id="day25.testsuite.FlightConfirmation_confirmTest_byStatus_failed_FAIL1_details"
                       class="testMethodDetails">
                     <div>
                        <b>Name: </b>confirmTest
                     </div>
                     <div>
                        <b>Signature: </b>confirmTest()[pri:0, instance:day25.testsuite.FlightConfirmation@136425a2]
                     </div>
                     <div>
                        <b>Start time: </b>03:19:10
                     </div>
                     <div>
                        <b>End time: </b>03:19:10
                     </div>
                     <div>
                        <b>Duration: </b>71 ms
                        
                     </div>
                  </div>
               </td>
            </tr>
            <tr>
               <td colspan="4" class="detailsBox">
                  <div id="day25.testsuite.FlightConfirmation_confirmTest_byStatus_failed_FAIL1_exception"
                       class="testMethodDetails">
                     <pre style="padding: 5px; margin: 0;">org.openqa.selenium.NoSuchElementException: Unable to locate element: {"method":"xpath","selector":"/body/div[1]/table/tbody/tr/td[2]/table/tbody/tr[4]/td/table/tbody/tr[1]/td[2]/table/tbody/tr[3]/td/p/font/b/font[2]"}
                        Command duration or timeout: 56 milliseconds
                        For documentation on this error, please visit: http://seleniumhq.org/exceptions/no_such_element.html
                        Build info: version: '2.48.2', revision: '41bccdd', time: '2015-10-09 19:59:12'
                        System info: host: 'sys', ip: '192.168.1.17', os.name: 'Windows 7', os.arch: 'amd64', os.version: '6.1', java.version: '1.7.0_55'
                        *** Element info: {Using=xpath, value=/body/div[1]/table/tbody/tr/td[2]/table/tbody/tr[4]/td/table/tbody/tr[1]/td[2]/table/tbody/tr[3]/td/p/font/b/font[2]}
                        Session ID: d4784c36-6c99-4a1e-80a8-202f428582f9
                        Driver info: org.openqa.selenium.firefox.FirefoxDriver
                        Capabilities [{platform=WINDOWS, acceptSslCerts=true, javascriptEnabled=true, cssSelectorsEnabled=true, databaseEnabled=true,
                        browserName=firefox, handlesAlerts=true, nativeEvents=false, webStorageEnabled=true, rotatable=false, locationContextEnabled=true,
                        applicationCacheEnabled=true, takesScreenshot=true, version=44.0.2}]
                        	at sun.reflect.NativeConstructorAccessorImpl.newInstance0(Native Method)
                        	at sun.reflect.NativeConstructorAccessorImpl.newInstance(Unknown Source)
                        	at sun.reflect.DelegatingConstructorAccessorImpl.newInstance(Unknown Source)
                        	at java.lang.reflect.Constructor.newInstance(Unknown Source)
                        	at org.openqa.selenium.remote.ErrorHandler.createThrowable(ErrorHandler.java:206)
                        	at org.openqa.selenium.remote.ErrorHandler.throwIfResponseFailed(ErrorHandler.java:158)
                        	at org.openqa.selenium.remote.RemoteWebDriver.execute(RemoteWebDriver.java:647)
                        	at org.openqa.selenium.remote.RemoteWebDriver.findElement(RemoteWebDriver.java:353)
                        	at org.openqa.selenium.remote.RemoteWebDriver.findElementByXPath(RemoteWebDriver.java:490)
                        	at org.openqa.selenium.By$ByXPath.findElement(By.java:361)
                        	at org.openqa.selenium.remote.RemoteWebDriver.findElement(RemoteWebDriver.java:345)
                        	at day25.testsuite.FlightConfirmation.confirmTest(FlightConfirmation.java:11)
                        	at sun.reflect.NativeMethodAccessorImpl.invoke0(Native Method)
                        	at sun.reflect.NativeMethodAccessorImpl.invoke(Unknown Source)
                        	at sun.reflect.DelegatingMethodAccessorImpl.invoke(Unknown Source)
                        	at java.lang.reflect.Method.invoke(Unknown Source)
                        	at org.testng.internal.MethodInvocationHelper.invokeMethod(MethodInvocationHelper.java:85)
                        	at org.testng.internal.Invoker.invokeMethod(Invoker.java:639)
                        	at org.testng.internal.Invoker.invokeTestMethod(Invoker.java:821)
                        	at org.testng.internal.Invoker.invokeTestMethods(Invoker.java:1131)
                        	at org.testng.internal.TestMethodWorker.invokeTestMethods(TestMethodWorker.java:124)
                        	at org.testng.internal.TestMethodWorker.run(TestMethodWorker.java:108)
                        	at org.testng.TestRunner.privateRun(TestRunner.java:773)
                        	at org.testng.TestRunner.run(TestRunner.java:623)
                        	at org.testng.SuiteRunner.runTest(SuiteRunner.java:357)
                        	at org.testng.SuiteRunner.runSequentially(SuiteRunner.java:352)
                        	at org.testng.SuiteRunner.privateRun(SuiteRunner.java:310)
                        	at org.testng.SuiteRunner.run(SuiteRunner.java:259)
                        	at org.testng.SuiteRunnerWorker.runSuite(SuiteRunnerWorker.java:52)
                        	at org.testng.SuiteRunnerWorker.run(SuiteRunnerWorker.java:86)
                        	at org.testng.TestNG.runSuitesSequentially(TestNG.java:1185)
                        	at org.testng.TestNG.runSuitesLocally(TestNG.java:1110)
                        	at org.testng.TestNG.run(TestNG.java:1018)
                        	at org.testng.remote.RemoteTestNG.run(RemoteTestNG.java:111)
                        	at org.testng.remote.RemoteTestNG.initAndRun(RemoteTestNG.java:204)
                        	at org.testng.remote.RemoteTestNG.main(RemoteTestNG.java:175)
                        Caused by: org.openqa.selenium.NoSuchElementException: Unable to locate element: {"method":"xpath","selector":"/body/div[1]/table/tbody/tr/td[2]/table/tbody/tr[4]/td/table/tbody/tr[1]/td[2]/table/tbody/tr[3]/td/p/font/b/font[2]"}
                        For documentation on this error, please visit: http://seleniumhq.org/exceptions/no_such_element.html
                        Build info: version: '2.48.2', revision: '41bccdd', time: '2015-10-09 19:59:12'
                        System info: host: 'sys', ip: '192.168.1.17', os.name: 'Windows 7', os.arch: 'amd64', os.version: '6.1', java.version: '1.7.0_55'
                        Driver info: driver.version: unknown
                        	at &lt;anonymous class&gt;.FirefoxDriver.prototype.findElementInternal_(file:///C:/Users/sai/AppData/Local/Temp/anonymous7084064535088328226webdriver-profile/extensions/fxdriver@googlecode.com/components/driver-component.js:10659)
                        	at &lt;anonymous class&gt;.FirefoxDriver.prototype.findElement(file:///C:/Users/sai/AppData/Local/Temp/anonymous7084064535088328226webdriver-profile/extensions/fxdriver@googlecode.com/components/driver-component.js:10668)
                        	at &lt;anonymous class&gt;.DelayedCommand.prototype.executeInternal_/h(file:///C:/Users/sai/AppData/Local/Temp/anonymous7084064535088328226webdriver-profile/extensions/fxdriver@googlecode.com/components/command-processor.js:12534)
                        	at &lt;anonymous class&gt;.DelayedCommand.prototype.executeInternal_(file:///C:/Users/sai/AppData/Local/Temp/anonymous7084064535088328226webdriver-profile/extensions/fxdriver@googlecode.com/components/command-processor.js:12539)
                        	at &lt;anonymous class&gt;.DelayedCommand.prototype.execute/&lt;(file:///C:/Users/sai/AppData/Local/Temp/anonymous7084064535088328226webdriver-profile/extensions/fxdriver@googlecode.com/components/command-processor.js:12481)
                     </pre>
                  </div>
               </td>
            </tr>
            <tr id="day25.testsuite.FlightDetails_flightDetailsTest_byStatus_passed_PASS1_row"
                class="testMethodStatusPASS">
               <td width="100%" class="firstMethodCell">
                  <a onclick="toggleDetailsVisibility('day25.testsuite.FlightDetails_flightDetailsTest_byStatus_passed_PASS1_details')">flightDetailsTest()</a>
               </td>
               <td nowrap="true">03:19:04</td>
               <td nowrap="true" align="right">1s
                  
               </td>
               <td nowrap="true">
                   
                  
               </td>
            </tr>
            <tr>
               <td colspan="4" class="detailsBox">
                  <div id="day25.testsuite.FlightDetails_flightDetailsTest_byStatus_passed_PASS1_details"
                       class="testMethodDetails">
                     <div>
                        <b>Name: </b>flightDetailsTest
                     </div>
                     <div>
                        <b>Signature: </b>flightDetailsTest()[pri:0, instance:day25.testsuite.FlightDetails@13a6d101]
                     </div>
                     <div>
                        <b>Start time: </b>03:19:04
                     </div>
                     <div>
                        <b>End time: </b>03:19:06
                     </div>
                     <div>
                        <b>Duration: </b>1s
                        
                     </div>
                  </div>
               </td>
            </tr>
            <tr></tr>
            <tr id="day25.testsuite.SelectFlight_selectflightTest_byStatus_passed_PASS2_row"
                class="testMethodStatusPASS">
               <td width="100%" class="firstMethodCell">
                  <a onclick="toggleDetailsVisibility('day25.testsuite.SelectFlight_selectflightTest_byStatus_passed_PASS2_details')">selectflightTest()</a>
               </td>
               <td nowrap="true">03:19:06</td>
               <td nowrap="true" align="right">2s
                  
               </td>
               <td nowrap="true">
                   
                  
               </td>
            </tr>
            <tr>
               <td colspan="4" class="detailsBox">
                  <div id="day25.testsuite.SelectFlight_selectflightTest_byStatus_passed_PASS2_details"
                       class="testMethodDetails">
                     <div>
                        <b>Name: </b>selectflightTest
                     </div>
                     <div>
                        <b>Signature: </b>selectflightTest()[pri:0, instance:day25.testsuite.SelectFlight@2ce3a2bb]
                     </div>
                     <div>
                        <b>Start time: </b>03:19:06
                     </div>
                     <div>
                        <b>End time: </b>03:19:08
                     </div>
                     <div>
                        <b>Duration: </b>2s
                        
                     </div>
                  </div>
               </td>
            </tr>
            <tr></tr>
            <tr id="day25.testsuite.BookAFlight_bookaFlighTest_byStatus_passed_PASS3_row"
                class="testMethodStatusPASS">
               <td width="100%" class="firstMethodCell">
                  <a onclick="toggleDetailsVisibility('day25.testsuite.BookAFlight_bookaFlighTest_byStatus_passed_PASS3_details')">bookaFlighTest()</a>
               </td>
               <td nowrap="true">03:19:08</td>
               <td nowrap="true" align="right">2s
                  
               </td>
               <td nowrap="true">
                   
                  
               </td>
            </tr>
            <tr>
               <td colspan="4" class="detailsBox">
                  <div id="day25.testsuite.BookAFlight_bookaFlighTest_byStatus_passed_PASS3_details"
                       class="testMethodDetails">
                     <div>
                        <b>Name: </b>bookaFlighTest
                     </div>
                     <div>
                        <b>Signature: </b>bookaFlighTest()[pri:0, instance:day25.testsuite.BookAFlight@14d0ba03]
                     </div>
                     <div>
                        <b>Start time: </b>03:19:08
                     </div>
                     <div>
                        <b>End time: </b>03:19:10
                     </div>
                     <div>
                        <b>Duration: </b>2s
                        
                     </div>
                  </div>
               </td>
            </tr>
            <tr></tr>
            <tr id="day25.testsuite.Login_loginTest_byStatus_passed_PASS4_row"
                class="testMethodStatusPASS">
               <td width="100%" class="firstMethodCell">
                  <a onclick="toggleDetailsVisibility('day25.testsuite.Login_loginTest_byStatus_passed_PASS4_details')">loginTest()</a>
               </td>
               <td nowrap="true">03:18:42</td>
               <td nowrap="true" align="right">21s
                  
               </td>
               <td nowrap="true">
                   
                  
               </td>
            </tr>
            <tr>
               <td colspan="4" class="detailsBox">
                  <div id="day25.testsuite.Login_loginTest_byStatus_passed_PASS4_details"
                       class="testMethodDetails">
                     <div>
                        <b>Name: </b>loginTest
                     </div>
                     <div>
                        <b>Signature: </b>loginTest()[pri:0, instance:day25.testsuite.Login@27223041]
                     </div>
                     <div>
                        <b>Start time: </b>03:18:42
                     </div>
                     <div>
                        <b>End time: </b>03:19:04
                     </div>
                     <div>
                        <b>Duration: </b>21s
                        
                     </div>
                  </div>
               </td>
            </tr>
            <tr></tr>
         </table>
      </div>
      <div id="testMethodsByClass" style="display: none;">
         <table class="testMethodsTable" cellpadding="0" cellspacing="0">
            <tr>
               <td colspan="4">
                  <h3 style="display: inline;">day25.testsuite.BookAFlight</h3>
               </td>
            </tr>
            <tr class="methodsTableHeader">
               <td width="100%">Name</td>
               <td nowrap="true">Started</td>
               <td nowrap="true">Duration</td>
               <td>Exception</td>
            </tr>
            <tr id="day25.testsuite.BookAFlight_bookaFlighTest_byClass_PASS1_row"
                class="testMethodStatusPASS">
               <td width="100%" class="firstMethodCell">
                  <a onclick="toggleDetailsVisibility('day25.testsuite.BookAFlight_bookaFlighTest_byClass_PASS1_details')">bookaFlighTest()</a>
               </td>
               <td nowrap="true">03:19:08</td>
               <td nowrap="true" align="right">2s
                  
               </td>
               <td nowrap="true">
                   
                  
               </td>
            </tr>
            <tr>
               <td colspan="4" class="detailsBox">
                  <div id="day25.testsuite.BookAFlight_bookaFlighTest_byClass_PASS1_details"
                       class="testMethodDetails">
                     <div>
                        <b>Name: </b>bookaFlighTest
                     </div>
                     <div>
                        <b>Signature: </b>bookaFlighTest()[pri:0, instance:day25.testsuite.BookAFlight@14d0ba03]
                     </div>
                     <div>
                        <b>Start time: </b>03:19:08
                     </div>
                     <div>
                        <b>End time: </b>03:19:10
                     </div>
                     <div>
                        <b>Duration: </b>2s
                        
                     </div>
                  </div>
               </td>
            </tr>
            <tr></tr>
         </table>
         <br></br>
         <table class="testMethodsTable" cellpadding="0" cellspacing="0">
            <tr>
               <td colspan="4">
                  <h3 style="display: inline;">day25.testsuite.FlightConfirmation</h3>
               </td>
            </tr>
            <tr class="methodsTableHeader">
               <td width="100%">Name</td>
               <td nowrap="true">Started</td>
               <td nowrap="true">Duration</td>
               <td>Exception</td>
            </tr>
            <tr id="day25.testsuite.FlightConfirmation_confirmTest_byClass_FAIL1_row"
                class="testMethodStatusFAIL">
               <td width="100%" class="firstMethodCell">
                  <a onclick="toggleDetailsVisibility('day25.testsuite.FlightConfirmation_confirmTest_byClass_FAIL1_details')">confirmTest()</a>
               </td>
               <td nowrap="true">03:19:10</td>
               <td nowrap="true" align="right">71 ms
                  
               </td>
               <td nowrap="true">
                  <a onclick="toggleDetailsVisibility('day25.testsuite.FlightConfirmation_confirmTest_byClass_FAIL1_exception')">org.openqa.selenium.NoSuchElementException: 
                     Unable to locate element: {"method":"xpath","selector":"/body/div[1]/table/tbody/tr/td[2]/table/tbody/tr[4]/td/table/tbody/tr[1]/td[2]/table/tbody/tr[3]/td/p/font/b/font[2]"}
                     Command duration or timeout: 56 milliseconds
                     For documentation on this error, please visit: http://seleniumhq.org/exceptions/no_such_element.html
                     Build info: version: '2.48.2', revision: '41bccdd', time: '2015-10-09 19:59:12'
                     System info: host: 'sys', ip: '192.168.1.17', os.name: 'Windows 7', os.arch: 'amd64', os.version: '6.1', java.version: '1.7.0_55'
                     *** Element info: {Using=xpath, value=/body/div[1]/table/tbody/tr/td[2]/table/tbody/tr[4]/td/table/tbody/tr[1]/td[2]/table/tbody/tr[3]/td/p/font/b/font[2]}
                     Session ID: d4784c36-6c99-4a1e-80a8-202f428582f9
                     Driver info: org.openqa.selenium.firefox.FirefoxDriver
                     Capabilities [{platform=WINDOWS, acceptSslCerts=true, javascriptEnabled=true, cssSelectorsEnabled=true, databaseEnabled=true,
                     browserName=firefox, handlesAlerts=true, nativeEvents=false, webStorageEnabled=true, rotatable=false, locationContextEnabled=true,
                     applicationCacheEnabled=true, takesScreenshot=true, version=44.0.2}]
                     
                  </a>
                   
                  
               </td>
            </tr>
            <tr>
               <td colspan="4" class="detailsBox">
                  <div id="day25.testsuite.FlightConfirmation_confirmTest_byClass_FAIL1_details"
                       class="testMethodDetails">
                     <div>
                        <b>Name: </b>confirmTest
                     </div>
                     <div>
                        <b>Signature: </b>confirmTest()[pri:0, instance:day25.testsuite.FlightConfirmation@136425a2]
                     </div>
                     <div>
                        <b>Start time: </b>03:19:10
                     </div>
                     <div>
                        <b>End time: </b>03:19:10
                     </div>
                     <div>
                        <b>Duration: </b>71 ms
                        
                     </div>
                  </div>
               </td>
            </tr>
            <tr>
               <td colspan="4" class="detailsBox">
                  <div id="day25.testsuite.FlightConfirmation_confirmTest_byClass_FAIL1_exception"
                       class="testMethodDetails">
                     <pre style="padding: 5px; margin: 0;">org.openqa.selenium.NoSuchElementException: Unable to locate element: {"method":"xpath","selector":"/body/div[1]/table/tbody/tr/td[2]/table/tbody/tr[4]/td/table/tbody/tr[1]/td[2]/table/tbody/tr[3]/td/p/font/b/font[2]"}
                        Command duration or timeout: 56 milliseconds
                        For documentation on this error, please visit: http://seleniumhq.org/exceptions/no_such_element.html
                        Build info: version: '2.48.2', revision: '41bccdd', time: '2015-10-09 19:59:12'
                        System info: host: 'sys', ip: '192.168.1.17', os.name: 'Windows 7', os.arch: 'amd64', os.version: '6.1', java.version: '1.7.0_55'
                        *** Element info: {Using=xpath, value=/body/div[1]/table/tbody/tr/td[2]/table/tbody/tr[4]/td/table/tbody/tr[1]/td[2]/table/tbody/tr[3]/td/p/font/b/font[2]}
                        Session ID: d4784c36-6c99-4a1e-80a8-202f428582f9
                        Driver info: org.openqa.selenium.firefox.FirefoxDriver
                        Capabilities [{platform=WINDOWS, acceptSslCerts=true, javascriptEnabled=true, cssSelectorsEnabled=true, databaseEnabled=true,
                        browserName=firefox, handlesAlerts=true, nativeEvents=false, webStorageEnabled=true, rotatable=false, locationContextEnabled=true,
                        applicationCacheEnabled=true, takesScreenshot=true, version=44.0.2}]
                        	at sun.reflect.NativeConstructorAccessorImpl.newInstance0(Native Method)
                        	at sun.reflect.NativeConstructorAccessorImpl.newInstance(Unknown Source)
                        	at sun.reflect.DelegatingConstructorAccessorImpl.newInstance(Unknown Source)
                        	at java.lang.reflect.Constructor.newInstance(Unknown Source)
                        	at org.openqa.selenium.remote.ErrorHandler.createThrowable(ErrorHandler.java:206)
                        	at org.openqa.selenium.remote.ErrorHandler.throwIfResponseFailed(ErrorHandler.java:158)
                        	at org.openqa.selenium.remote.RemoteWebDriver.execute(RemoteWebDriver.java:647)
                        	at org.openqa.selenium.remote.RemoteWebDriver.findElement(RemoteWebDriver.java:353)
                        	at org.openqa.selenium.remote.RemoteWebDriver.findElementByXPath(RemoteWebDriver.java:490)
                        	at org.openqa.selenium.By$ByXPath.findElement(By.java:361)
                        	at org.openqa.selenium.remote.RemoteWebDriver.findElement(RemoteWebDriver.java:345)
                        	at day25.testsuite.FlightConfirmation.confirmTest(FlightConfirmation.java:11)
                        	at sun.reflect.NativeMethodAccessorImpl.invoke0(Native Method)
                        	at sun.reflect.NativeMethodAccessorImpl.invoke(Unknown Source)
                        	at sun.reflect.DelegatingMethodAccessorImpl.invoke(Unknown Source)
                        	at java.lang.reflect.Method.invoke(Unknown Source)
                        	at org.testng.internal.MethodInvocationHelper.invokeMethod(MethodInvocationHelper.java:85)
                        	at org.testng.internal.Invoker.invokeMethod(Invoker.java:639)
                        	at org.testng.internal.Invoker.invokeTestMethod(Invoker.java:821)
                        	at org.testng.internal.Invoker.invokeTestMethods(Invoker.java:1131)
                        	at org.testng.internal.TestMethodWorker.invokeTestMethods(TestMethodWorker.java:124)
                        	at org.testng.internal.TestMethodWorker.run(TestMethodWorker.java:108)
                        	at org.testng.TestRunner.privateRun(TestRunner.java:773)
                        	at org.testng.TestRunner.run(TestRunner.java:623)
                        	at org.testng.SuiteRunner.runTest(SuiteRunner.java:357)
                        	at org.testng.SuiteRunner.runSequentially(SuiteRunner.java:352)
                        	at org.testng.SuiteRunner.privateRun(SuiteRunner.java:310)
                        	at org.testng.SuiteRunner.run(SuiteRunner.java:259)
                        	at org.testng.SuiteRunnerWorker.runSuite(SuiteRunnerWorker.java:52)
                        	at org.testng.SuiteRunnerWorker.run(SuiteRunnerWorker.java:86)
                        	at org.testng.TestNG.runSuitesSequentially(TestNG.java:1185)
                        	at org.testng.TestNG.runSuitesLocally(TestNG.java:1110)
                        	at org.testng.TestNG.run(TestNG.java:1018)
                        	at org.testng.remote.RemoteTestNG.run(RemoteTestNG.java:111)
                        	at org.testng.remote.RemoteTestNG.initAndRun(RemoteTestNG.java:204)
                        	at org.testng.remote.RemoteTestNG.main(RemoteTestNG.java:175)
                        Caused by: org.openqa.selenium.NoSuchElementException: Unable to locate element: {"method":"xpath","selector":"/body/div[1]/table/tbody/tr/td[2]/table/tbody/tr[4]/td/table/tbody/tr[1]/td[2]/table/tbody/tr[3]/td/p/font/b/font[2]"}
                        For documentation on this error, please visit: http://seleniumhq.org/exceptions/no_such_element.html
                        Build info: version: '2.48.2', revision: '41bccdd', time: '2015-10-09 19:59:12'
                        System info: host: 'sys', ip: '192.168.1.17', os.name: 'Windows 7', os.arch: 'amd64', os.version: '6.1', java.version: '1.7.0_55'
                        Driver info: driver.version: unknown
                        	at &lt;anonymous class&gt;.FirefoxDriver.prototype.findElementInternal_(file:///C:/Users/sai/AppData/Local/Temp/anonymous7084064535088328226webdriver-profile/extensions/fxdriver@googlecode.com/components/driver-component.js:10659)
                        	at &lt;anonymous class&gt;.FirefoxDriver.prototype.findElement(file:///C:/Users/sai/AppData/Local/Temp/anonymous7084064535088328226webdriver-profile/extensions/fxdriver@googlecode.com/components/driver-component.js:10668)
                        	at &lt;anonymous class&gt;.DelayedCommand.prototype.executeInternal_/h(file:///C:/Users/sai/AppData/Local/Temp/anonymous7084064535088328226webdriver-profile/extensions/fxdriver@googlecode.com/components/command-processor.js:12534)
                        	at &lt;anonymous class&gt;.DelayedCommand.prototype.executeInternal_(file:///C:/Users/sai/AppData/Local/Temp/anonymous7084064535088328226webdriver-profile/extensions/fxdriver@googlecode.com/components/command-processor.js:12539)
                        	at &lt;anonymous class&gt;.DelayedCommand.prototype.execute/&lt;(file:///C:/Users/sai/AppData/Local/Temp/anonymous7084064535088328226webdriver-profile/extensions/fxdriver@googlecode.com/components/command-processor.js:12481)
                     </pre>
                  </div>
               </td>
            </tr>
         </table>
         <br></br>
         <table class="testMethodsTable" cellpadding="0" cellspacing="0">
            <tr>
               <td colspan="4">
                  <h3 style="display: inline;">day25.testsuite.FlightDetails</h3>
               </td>
            </tr>
            <tr class="methodsTableHeader">
               <td width="100%">Name</td>
               <td nowrap="true">Started</td>
               <td nowrap="true">Duration</td>
               <td>Exception</td>
            </tr>
            <tr id="day25.testsuite.FlightDetails_flightDetailsTest_byClass_PASS1_row"
                class="testMethodStatusPASS">
               <td width="100%" class="firstMethodCell">
                  <a onclick="toggleDetailsVisibility('day25.testsuite.FlightDetails_flightDetailsTest_byClass_PASS1_details')">flightDetailsTest()</a>
               </td>
               <td nowrap="true">03:19:04</td>
               <td nowrap="true" align="right">1s
                  
               </td>
               <td nowrap="true">
                   
                  
               </td>
            </tr>
            <tr>
               <td colspan="4" class="detailsBox">
                  <div id="day25.testsuite.FlightDetails_flightDetailsTest_byClass_PASS1_details"
                       class="testMethodDetails">
                     <div>
                        <b>Name: </b>flightDetailsTest
                     </div>
                     <div>
                        <b>Signature: </b>flightDetailsTest()[pri:0, instance:day25.testsuite.FlightDetails@13a6d101]
                     </div>
                     <div>
                        <b>Start time: </b>03:19:04
                     </div>
                     <div>
                        <b>End time: </b>03:19:06
                     </div>
                     <div>
                        <b>Duration: </b>1s
                        
                     </div>
                  </div>
               </td>
            </tr>
            <tr></tr>
         </table>
         <br></br>
         <table class="testMethodsTable" cellpadding="0" cellspacing="0">
            <tr>
               <td colspan="4">
                  <h3 style="display: inline;">day25.testsuite.Login</h3>
               </td>
            </tr>
            <tr class="methodsTableHeader">
               <td width="100%">Name</td>
               <td nowrap="true">Started</td>
               <td nowrap="true">Duration</td>
               <td>Exception</td>
            </tr>
            <tr id="day25.testsuite.Login_loginTest_byClass_PASS1_row"
                class="testMethodStatusPASS">
               <td width="100%" class="firstMethodCell">
                  <a onclick="toggleDetailsVisibility('day25.testsuite.Login_loginTest_byClass_PASS1_details')">loginTest()</a>
               </td>
               <td nowrap="true">03:18:42</td>
               <td nowrap="true" align="right">21s
                  
               </td>
               <td nowrap="true">
                   
                  
               </td>
            </tr>
            <tr>
               <td colspan="4" class="detailsBox">
                  <div id="day25.testsuite.Login_loginTest_byClass_PASS1_details"
                       class="testMethodDetails">
                     <div>
                        <b>Name: </b>loginTest
                     </div>
                     <div>
                        <b>Signature: </b>loginTest()[pri:0, instance:day25.testsuite.Login@27223041]
                     </div>
                     <div>
                        <b>Start time: </b>03:18:42
                     </div>
                     <div>
                        <b>End time: </b>03:19:04
                     </div>
                     <div>
                        <b>Duration: </b>21s
                        
                     </div>
                  </div>
               </td>
            </tr>
            <tr></tr>
         </table>
         <br></br>
         <table class="testMethodsTable" cellpadding="0" cellspacing="0">
            <tr>
               <td colspan="4">
                  <h3 style="display: inline;">day25.testsuite.SelectFlight</h3>
               </td>
            </tr>
            <tr class="methodsTableHeader">
               <td width="100%">Name</td>
               <td nowrap="true">Started</td>
               <td nowrap="true">Duration</td>
               <td>Exception</td>
            </tr>
            <tr id="day25.testsuite.SelectFlight_selectflightTest_byClass_PASS1_row"
                class="testMethodStatusPASS">
               <td width="100%" class="firstMethodCell">
                  <a onclick="toggleDetailsVisibility('day25.testsuite.SelectFlight_selectflightTest_byClass_PASS1_details')">selectflightTest()</a>
               </td>
               <td nowrap="true">03:19:06</td>
               <td nowrap="true" align="right">2s
                  
               </td>
               <td nowrap="true">
                   
                  
               </td>
            </tr>
            <tr>
               <td colspan="4" class="detailsBox">
                  <div id="day25.testsuite.SelectFlight_selectflightTest_byClass_PASS1_details"
                       class="testMethodDetails">
                     <div>
                        <b>Name: </b>selectflightTest
                     </div>
                     <div>
                        <b>Signature: </b>selectflightTest()[pri:0, instance:day25.testsuite.SelectFlight@2ce3a2bb]
                     </div>
                     <div>
                        <b>Start time: </b>03:19:06
                     </div>
                     <div>
                        <b>End time: </b>03:19:08
                     </div>
                     <div>
                        <b>Duration: </b>2s
                        
                     </div>
                  </div>
               </td>
            </tr>
            <tr></tr>
         </table>
         <br></br>
      </div>
      <div style="margin-top: 15px; color: gray; text-align: center; font-size: 9px;">
         Generated with
         
         <a href="http://code.google.com/p/testng-xslt/" style="color: #8888aa;"
            target="_blank">
            TestNG XSLT
            
         </a>
      </div>
   </body>
</html>